C:\USERS\XMA1\SOURCE\REPOS\HEVCANDFACEDETECT\HEVC\BIN\VC10\WIN32\DEBUG\TAPPDECODER.BSC
C:\USERS\XMA1\SOURCE\REPOS\HEVCANDFACEDETECT\HEVC\BIN\VC10\WIN32\DEBUG\TAPPDECODER.EXE
C:\USERS\XMA1\SOURCE\REPOS\HEVCANDFACEDETECT\HEVC\BIN\VC10\WIN32\DEBUG\TAPPDECODER.ILK
C:\USERS\XMA1\SOURCE\REPOS\HEVCANDFACEDETECT\HEVC\BIN\VC10\WIN32\DEBUG\TAPPDECODER.PDB
C:\Users\Xma1\Source\Repos\HEVCandFaceDetect\hevc\build\\..\bin\vc10\Win32\Debug\TAppDecoder.bsc
C:\Users\Xma1\Source\Repos\HEVCandFaceDetect\hevc\build\\..\bin\vc10\Win32\Debug\TAppDecoder.exe
C:\Users\Xma1\Source\Repos\HEVCandFaceDetect\hevc\build\\..\bin\vc10\Win32\Debug\TAppDecoder.ilk
C:\Users\Xma1\Source\Repos\HEVCandFaceDetect\hevc\build\\..\bin\vc10\Win32\Debug\TAppDecoder.pdb
C:\Users\Xma1\Source\Repos\HEVCandFaceDetect\hevc\build\vc10\Win32\Debug\TAppDecoder\BscMake.command.1.tlog
C:\Users\Xma1\Source\Repos\HEVCandFaceDetect\hevc\build\vc10\Win32\Debug\TAppDecoder\bscmake.read.1.tlog
C:\Users\Xma1\Source\Repos\HEVCandFaceDetect\hevc\build\vc10\Win32\Debug\TAppDecoder\BscMake.write.1.tlog
C:\Users\Xma1\Source\Repos\HEVCandFaceDetect\hevc\build\vc10\Win32\Debug\TAppDecoder\cl.command.1.tlog
C:\Users\Xma1\Source\Repos\HEVCandFaceDetect\hevc\build\vc10\Win32\Debug\TAppDecoder\CL.read.1.tlog
C:\Users\Xma1\Source\Repos\HEVCandFaceDetect\hevc\build\vc10\Win32\Debug\TAppDecoder\CL.write.1.tlog
C:\USERS\XMA1\SOURCE\REPOS\HEVCANDFACEDETECT\HEVC\BUILD\VC10\WIN32\DEBUG\TAPPDECODER\DECMAIN.OBJ
C:\USERS\XMA1\SOURCE\REPOS\HEVCANDFACEDETECT\HEVC\BUILD\VC10\WIN32\DEBUG\TAPPDECODER\DECMAIN.SBR
C:\Users\Xma1\Source\Repos\HEVCandFaceDetect\hevc\build\vc10\Win32\Debug\TAppDecoder\link.10108.read.1.tlog
C:\Users\Xma1\Source\Repos\HEVCandFaceDetect\hevc\build\vc10\Win32\Debug\TAppDecoder\link.10108.write.1.tlog
C:\Users\Xma1\Source\Repos\HEVCandFaceDetect\hevc\build\vc10\Win32\Debug\TAppDecoder\link.10108-cvtres.read.1.tlog
C:\Users\Xma1\Source\Repos\HEVCandFaceDetect\hevc\build\vc10\Win32\Debug\TAppDecoder\link.10108-cvtres.write.1.tlog
C:\Users\Xma1\Source\Repos\HEVCandFaceDetect\hevc\build\vc10\Win32\Debug\TAppDecoder\link.command.1.tlog
C:\Users\Xma1\Source\Repos\HEVCandFaceDetect\hevc\build\vc10\Win32\Debug\TAppDecoder\link.read.1.tlog
C:\Users\Xma1\Source\Repos\HEVCandFaceDetect\hevc\build\vc10\Win32\Debug\TAppDecoder\link.write.1.tlog
C:\Users\Xma1\Source\Repos\HEVCandFaceDetect\hevc\build\vc10\Win32\Debug\TAppDecoder\link-cvtres.read.1.tlog
C:\Users\Xma1\Source\Repos\HEVCandFaceDetect\hevc\build\vc10\Win32\Debug\TAppDecoder\link-cvtres.write.1.tlog
C:\Users\Xma1\Source\Repos\HEVCandFaceDetect\hevc\build\vc10\Win32\Debug\TAppDecoder\mt.command.1.tlog
C:\Users\Xma1\Source\Repos\HEVCandFaceDetect\hevc\build\vc10\Win32\Debug\TAppDecoder\mt.read.1.tlog
C:\Users\Xma1\Source\Repos\HEVCandFaceDetect\hevc\build\vc10\Win32\Debug\TAppDecoder\mt.write.1.tlog
C:\Users\Xma1\Source\Repos\HEVCandFaceDetect\hevc\build\vc10\Win32\Debug\TAppDecoder\rc.command.1.tlog
C:\Users\Xma1\Source\Repos\HEVCandFaceDetect\hevc\build\vc10\Win32\Debug\TAppDecoder\rc.read.1.tlog
C:\Users\Xma1\Source\Repos\HEVCandFaceDetect\hevc\build\vc10\Win32\Debug\TAppDecoder\rc.write.1.tlog
C:\USERS\XMA1\SOURCE\REPOS\HEVCANDFACEDETECT\HEVC\BUILD\VC10\WIN32\DEBUG\TAPPDECODER\TAPPDECCFG.OBJ
C:\USERS\XMA1\SOURCE\REPOS\HEVCANDFACEDETECT\HEVC\BUILD\VC10\WIN32\DEBUG\TAPPDECODER\TAPPDECCFG.SBR
C:\USERS\XMA1\SOURCE\REPOS\HEVCANDFACEDETECT\HEVC\BUILD\VC10\WIN32\DEBUG\TAPPDECODER\TAPPDECODER.EXE.EMBED.MANIFEST
C:\USERS\XMA1\SOURCE\REPOS\HEVCANDFACEDETECT\HEVC\BUILD\VC10\WIN32\DEBUG\TAPPDECODER\TAPPDECODER.EXE.EMBED.MANIFEST.RES
C:\USERS\XMA1\SOURCE\REPOS\HEVCANDFACEDETECT\HEVC\BUILD\VC10\WIN32\DEBUG\TAPPDECODER\TAPPDECODER.EXE.INTERMEDIATE.MANIFEST
C:\Users\Xma1\Source\Repos\HEVCandFaceDetect\hevc\build\vc10\Win32\Debug\TAppDecoder\TAppDecoder_manifest.rc
C:\USERS\XMA1\SOURCE\REPOS\HEVCANDFACEDETECT\HEVC\BUILD\VC10\WIN32\DEBUG\TAPPDECODER\TAPPDECTOP.OBJ
C:\USERS\XMA1\SOURCE\REPOS\HEVCANDFACEDETECT\HEVC\BUILD\VC10\WIN32\DEBUG\TAPPDECODER\TAPPDECTOP.SBR
C:\Users\Xma1\Source\Repos\HEVCandFaceDetect\hevc\build\vc10\Win32\Debug\TAppDecoder\vc100.idb
C:\USERS\XMA1\SOURCE\REPOS\HEVCANDFACEDETECT\HEVC\BUILD\VC10\WIN32\DEBUG\TAPPDECODER\VC100.PDB
