C:\Users\Xma1\Source\Repos\HEVCandFaceDetect\hevc\build\\vc10\Win32\Debug\TLibEncoder\TLibEncoder.bsc
C:\Users\Xma1\Source\Repos\HEVCandFaceDetect\hevc\build\\vc10\Win32\Debug\TLibEncoder\TLibEncoder.lib
C:\Users\Xma1\Source\Repos\HEVCandFaceDetect\hevc\build\vc10\Win32\Debug\TLibEncoder\BscMake.command.1.tlog
C:\Users\Xma1\Source\Repos\HEVCandFaceDetect\hevc\build\vc10\Win32\Debug\TLibEncoder\bscmake.read.1.tlog
C:\Users\Xma1\Source\Repos\HEVCandFaceDetect\hevc\build\vc10\Win32\Debug\TLibEncoder\BscMake.write.1.tlog
C:\Users\Xma1\Source\Repos\HEVCandFaceDetect\hevc\build\vc10\Win32\Debug\TLibEncoder\cl.command.1.tlog
C:\Users\Xma1\Source\Repos\HEVCandFaceDetect\hevc\build\vc10\Win32\Debug\TLibEncoder\CL.read.1.tlog
C:\Users\Xma1\Source\Repos\HEVCandFaceDetect\hevc\build\vc10\Win32\Debug\TLibEncoder\CL.write.1.tlog
C:\Users\Xma1\Source\Repos\HEVCandFaceDetect\hevc\build\vc10\Win32\Debug\TLibEncoder\lib.command.1.tlog
C:\Users\Xma1\Source\Repos\HEVCandFaceDetect\hevc\build\vc10\Win32\Debug\TLibEncoder\Lib-link.read.1.tlog
C:\Users\Xma1\Source\Repos\HEVCandFaceDetect\hevc\build\vc10\Win32\Debug\TLibEncoder\Lib-link.write.1.tlog
C:\USERS\XMA1\SOURCE\REPOS\HEVCANDFACEDETECT\HEVC\BUILD\VC10\WIN32\DEBUG\TLIBENCODER\NALWRITE.OBJ
C:\USERS\XMA1\SOURCE\REPOS\HEVCANDFACEDETECT\HEVC\BUILD\VC10\WIN32\DEBUG\TLIBENCODER\NALWRITE.SBR
C:\USERS\XMA1\SOURCE\REPOS\HEVCANDFACEDETECT\HEVC\BUILD\VC10\WIN32\DEBUG\TLIBENCODER\SEIENCODER.OBJ
C:\USERS\XMA1\SOURCE\REPOS\HEVCANDFACEDETECT\HEVC\BUILD\VC10\WIN32\DEBUG\TLIBENCODER\SEIENCODER.SBR
C:\USERS\XMA1\SOURCE\REPOS\HEVCANDFACEDETECT\HEVC\BUILD\VC10\WIN32\DEBUG\TLIBENCODER\SEIWRITE.OBJ
C:\USERS\XMA1\SOURCE\REPOS\HEVCANDFACEDETECT\HEVC\BUILD\VC10\WIN32\DEBUG\TLIBENCODER\SEIWRITE.SBR
C:\USERS\XMA1\SOURCE\REPOS\HEVCANDFACEDETECT\HEVC\BUILD\VC10\WIN32\DEBUG\TLIBENCODER\SYNTAXELEMENTWRITER.OBJ
C:\USERS\XMA1\SOURCE\REPOS\HEVCANDFACEDETECT\HEVC\BUILD\VC10\WIN32\DEBUG\TLIBENCODER\SYNTAXELEMENTWRITER.SBR
C:\USERS\XMA1\SOURCE\REPOS\HEVCANDFACEDETECT\HEVC\BUILD\VC10\WIN32\DEBUG\TLIBENCODER\TENCBINCODERCABAC.OBJ
C:\USERS\XMA1\SOURCE\REPOS\HEVCANDFACEDETECT\HEVC\BUILD\VC10\WIN32\DEBUG\TLIBENCODER\TENCBINCODERCABAC.SBR
C:\USERS\XMA1\SOURCE\REPOS\HEVCANDFACEDETECT\HEVC\BUILD\VC10\WIN32\DEBUG\TLIBENCODER\TENCBINCODERCABACCOUNTER.OBJ
C:\USERS\XMA1\SOURCE\REPOS\HEVCANDFACEDETECT\HEVC\BUILD\VC10\WIN32\DEBUG\TLIBENCODER\TENCBINCODERCABACCOUNTER.SBR
C:\USERS\XMA1\SOURCE\REPOS\HEVCANDFACEDETECT\HEVC\BUILD\VC10\WIN32\DEBUG\TLIBENCODER\TENCCAVLC.OBJ
C:\USERS\XMA1\SOURCE\REPOS\HEVCANDFACEDETECT\HEVC\BUILD\VC10\WIN32\DEBUG\TLIBENCODER\TENCCAVLC.SBR
C:\USERS\XMA1\SOURCE\REPOS\HEVCANDFACEDETECT\HEVC\BUILD\VC10\WIN32\DEBUG\TLIBENCODER\TENCCU.OBJ
C:\USERS\XMA1\SOURCE\REPOS\HEVCANDFACEDETECT\HEVC\BUILD\VC10\WIN32\DEBUG\TLIBENCODER\TENCCU.SBR
C:\USERS\XMA1\SOURCE\REPOS\HEVCANDFACEDETECT\HEVC\BUILD\VC10\WIN32\DEBUG\TLIBENCODER\TENCENTROPY.OBJ
C:\USERS\XMA1\SOURCE\REPOS\HEVCANDFACEDETECT\HEVC\BUILD\VC10\WIN32\DEBUG\TLIBENCODER\TENCENTROPY.SBR
C:\USERS\XMA1\SOURCE\REPOS\HEVCANDFACEDETECT\HEVC\BUILD\VC10\WIN32\DEBUG\TLIBENCODER\TENCGOP.OBJ
C:\USERS\XMA1\SOURCE\REPOS\HEVCANDFACEDETECT\HEVC\BUILD\VC10\WIN32\DEBUG\TLIBENCODER\TENCGOP.SBR
C:\USERS\XMA1\SOURCE\REPOS\HEVCANDFACEDETECT\HEVC\BUILD\VC10\WIN32\DEBUG\TLIBENCODER\TENCPIC.OBJ
C:\USERS\XMA1\SOURCE\REPOS\HEVCANDFACEDETECT\HEVC\BUILD\VC10\WIN32\DEBUG\TLIBENCODER\TENCPIC.SBR
C:\USERS\XMA1\SOURCE\REPOS\HEVCANDFACEDETECT\HEVC\BUILD\VC10\WIN32\DEBUG\TLIBENCODER\TENCPREANALYZER.OBJ
C:\USERS\XMA1\SOURCE\REPOS\HEVCANDFACEDETECT\HEVC\BUILD\VC10\WIN32\DEBUG\TLIBENCODER\TENCPREANALYZER.SBR
C:\USERS\XMA1\SOURCE\REPOS\HEVCANDFACEDETECT\HEVC\BUILD\VC10\WIN32\DEBUG\TLIBENCODER\TENCRATECTRL.OBJ
C:\USERS\XMA1\SOURCE\REPOS\HEVCANDFACEDETECT\HEVC\BUILD\VC10\WIN32\DEBUG\TLIBENCODER\TENCRATECTRL.SBR
C:\USERS\XMA1\SOURCE\REPOS\HEVCANDFACEDETECT\HEVC\BUILD\VC10\WIN32\DEBUG\TLIBENCODER\TENCSAMPLEADAPTIVEOFFSET.OBJ
C:\USERS\XMA1\SOURCE\REPOS\HEVCANDFACEDETECT\HEVC\BUILD\VC10\WIN32\DEBUG\TLIBENCODER\TENCSAMPLEADAPTIVEOFFSET.SBR
C:\USERS\XMA1\SOURCE\REPOS\HEVCANDFACEDETECT\HEVC\BUILD\VC10\WIN32\DEBUG\TLIBENCODER\TENCSBAC.OBJ
C:\USERS\XMA1\SOURCE\REPOS\HEVCANDFACEDETECT\HEVC\BUILD\VC10\WIN32\DEBUG\TLIBENCODER\TENCSBAC.SBR
C:\USERS\XMA1\SOURCE\REPOS\HEVCANDFACEDETECT\HEVC\BUILD\VC10\WIN32\DEBUG\TLIBENCODER\TENCSEARCH.OBJ
C:\USERS\XMA1\SOURCE\REPOS\HEVCANDFACEDETECT\HEVC\BUILD\VC10\WIN32\DEBUG\TLIBENCODER\TENCSEARCH.SBR
C:\USERS\XMA1\SOURCE\REPOS\HEVCANDFACEDETECT\HEVC\BUILD\VC10\WIN32\DEBUG\TLIBENCODER\TENCSLICE.OBJ
C:\USERS\XMA1\SOURCE\REPOS\HEVCANDFACEDETECT\HEVC\BUILD\VC10\WIN32\DEBUG\TLIBENCODER\TENCSLICE.SBR
C:\USERS\XMA1\SOURCE\REPOS\HEVCANDFACEDETECT\HEVC\BUILD\VC10\WIN32\DEBUG\TLIBENCODER\TENCTOP.OBJ
C:\USERS\XMA1\SOURCE\REPOS\HEVCANDFACEDETECT\HEVC\BUILD\VC10\WIN32\DEBUG\TLIBENCODER\TENCTOP.SBR
C:\USERS\XMA1\SOURCE\REPOS\HEVCANDFACEDETECT\HEVC\BUILD\VC10\WIN32\DEBUG\TLIBENCODER\TLIBENCODER.BSC
C:\USERS\XMA1\SOURCE\REPOS\HEVCANDFACEDETECT\HEVC\BUILD\VC10\WIN32\DEBUG\TLIBENCODER\TLIBENCODER.LIB
C:\Users\Xma1\Source\Repos\HEVCandFaceDetect\hevc\build\vc10\Win32\Debug\TLibEncoder\vc100.idb
C:\USERS\XMA1\SOURCE\REPOS\HEVCANDFACEDETECT\HEVC\BUILD\VC10\WIN32\DEBUG\TLIBENCODER\VC100.PDB
C:\USERS\XMA1\SOURCE\REPOS\HEVCANDFACEDETECT\HEVC\BUILD\VC10\WIN32\DEBUG\TLIBENCODER\WEIGHTPREDANALYSIS.OBJ
C:\USERS\XMA1\SOURCE\REPOS\HEVCANDFACEDETECT\HEVC\BUILD\VC10\WIN32\DEBUG\TLIBENCODER\WEIGHTPREDANALYSIS.SBR
