C:\USERS\XMA1\SOURCE\REPOS\HEVCANDFACEDETECT\HEVC\BIN\VC10\WIN32\DEBUG\TAPPDECODERANALYSER.BSC
C:\USERS\XMA1\SOURCE\REPOS\HEVCANDFACEDETECT\HEVC\BIN\VC10\WIN32\DEBUG\TAPPDECODERANALYSER.EXE
C:\USERS\XMA1\SOURCE\REPOS\HEVCANDFACEDETECT\HEVC\BIN\VC10\WIN32\DEBUG\TAPPDECODERANALYSER.ILK
C:\USERS\XMA1\SOURCE\REPOS\HEVCANDFACEDETECT\HEVC\BIN\VC10\WIN32\DEBUG\TAPPDECODERANALYSER.PDB
C:\Users\Xma1\Source\Repos\HEVCandFaceDetect\hevc\build\\..\bin\vc10\Win32\Debug\TAppDecoderAnalyser.bsc
C:\Users\Xma1\Source\Repos\HEVCandFaceDetect\hevc\build\\..\bin\vc10\Win32\Debug\TAppDecoderAnalyser.exe
C:\Users\Xma1\Source\Repos\HEVCandFaceDetect\hevc\build\\..\bin\vc10\Win32\Debug\TAppDecoderAnalyser.ilk
C:\Users\Xma1\Source\Repos\HEVCandFaceDetect\hevc\build\\..\bin\vc10\Win32\Debug\TAppDecoderAnalyser.pdb
C:\Users\Xma1\Source\Repos\HEVCandFaceDetect\hevc\build\vc10\Win32\Debug\TAppDecoderAnalyser\BscMake.command.1.tlog
C:\Users\Xma1\Source\Repos\HEVCandFaceDetect\hevc\build\vc10\Win32\Debug\TAppDecoderAnalyser\bscmake.read.1.tlog
C:\Users\Xma1\Source\Repos\HEVCandFaceDetect\hevc\build\vc10\Win32\Debug\TAppDecoderAnalyser\BscMake.write.1.tlog
C:\Users\Xma1\Source\Repos\HEVCandFaceDetect\hevc\build\vc10\Win32\Debug\TAppDecoderAnalyser\cl.command.1.tlog
C:\Users\Xma1\Source\Repos\HEVCandFaceDetect\hevc\build\vc10\Win32\Debug\TAppDecoderAnalyser\CL.read.1.tlog
C:\Users\Xma1\Source\Repos\HEVCandFaceDetect\hevc\build\vc10\Win32\Debug\TAppDecoderAnalyser\CL.write.1.tlog
C:\USERS\XMA1\SOURCE\REPOS\HEVCANDFACEDETECT\HEVC\BUILD\VC10\WIN32\DEBUG\TAPPDECODERANALYSER\DECMAIN.OBJ
C:\USERS\XMA1\SOURCE\REPOS\HEVCANDFACEDETECT\HEVC\BUILD\VC10\WIN32\DEBUG\TAPPDECODERANALYSER\DECMAIN.SBR
C:\Users\Xma1\Source\Repos\HEVCandFaceDetect\hevc\build\vc10\Win32\Debug\TAppDecoderAnalyser\link.6356.read.1.tlog
C:\Users\Xma1\Source\Repos\HEVCandFaceDetect\hevc\build\vc10\Win32\Debug\TAppDecoderAnalyser\link.6356.write.1.tlog
C:\Users\Xma1\Source\Repos\HEVCandFaceDetect\hevc\build\vc10\Win32\Debug\TAppDecoderAnalyser\link.6356-cvtres.read.1.tlog
C:\Users\Xma1\Source\Repos\HEVCandFaceDetect\hevc\build\vc10\Win32\Debug\TAppDecoderAnalyser\link.6356-cvtres.write.1.tlog
C:\Users\Xma1\Source\Repos\HEVCandFaceDetect\hevc\build\vc10\Win32\Debug\TAppDecoderAnalyser\link.command.1.tlog
C:\Users\Xma1\Source\Repos\HEVCandFaceDetect\hevc\build\vc10\Win32\Debug\TAppDecoderAnalyser\link.read.1.tlog
C:\Users\Xma1\Source\Repos\HEVCandFaceDetect\hevc\build\vc10\Win32\Debug\TAppDecoderAnalyser\link.write.1.tlog
C:\Users\Xma1\Source\Repos\HEVCandFaceDetect\hevc\build\vc10\Win32\Debug\TAppDecoderAnalyser\link-cvtres.read.1.tlog
C:\Users\Xma1\Source\Repos\HEVCandFaceDetect\hevc\build\vc10\Win32\Debug\TAppDecoderAnalyser\link-cvtres.write.1.tlog
C:\Users\Xma1\Source\Repos\HEVCandFaceDetect\hevc\build\vc10\Win32\Debug\TAppDecoderAnalyser\mt.command.1.tlog
C:\Users\Xma1\Source\Repos\HEVCandFaceDetect\hevc\build\vc10\Win32\Debug\TAppDecoderAnalyser\mt.read.1.tlog
C:\Users\Xma1\Source\Repos\HEVCandFaceDetect\hevc\build\vc10\Win32\Debug\TAppDecoderAnalyser\mt.write.1.tlog
C:\Users\Xma1\Source\Repos\HEVCandFaceDetect\hevc\build\vc10\Win32\Debug\TAppDecoderAnalyser\rc.command.1.tlog
C:\Users\Xma1\Source\Repos\HEVCandFaceDetect\hevc\build\vc10\Win32\Debug\TAppDecoderAnalyser\rc.read.1.tlog
C:\Users\Xma1\Source\Repos\HEVCandFaceDetect\hevc\build\vc10\Win32\Debug\TAppDecoderAnalyser\rc.write.1.tlog
C:\USERS\XMA1\SOURCE\REPOS\HEVCANDFACEDETECT\HEVC\BUILD\VC10\WIN32\DEBUG\TAPPDECODERANALYSER\TAPPDECCFG.OBJ
C:\USERS\XMA1\SOURCE\REPOS\HEVCANDFACEDETECT\HEVC\BUILD\VC10\WIN32\DEBUG\TAPPDECODERANALYSER\TAPPDECCFG.SBR
C:\USERS\XMA1\SOURCE\REPOS\HEVCANDFACEDETECT\HEVC\BUILD\VC10\WIN32\DEBUG\TAPPDECODERANALYSER\TAPPDECODERANALYSER.EXE.EMBED.MANIFEST
C:\USERS\XMA1\SOURCE\REPOS\HEVCANDFACEDETECT\HEVC\BUILD\VC10\WIN32\DEBUG\TAPPDECODERANALYSER\TAPPDECODERANALYSER.EXE.EMBED.MANIFEST.RES
C:\USERS\XMA1\SOURCE\REPOS\HEVCANDFACEDETECT\HEVC\BUILD\VC10\WIN32\DEBUG\TAPPDECODERANALYSER\TAPPDECODERANALYSER.EXE.INTERMEDIATE.MANIFEST
C:\Users\Xma1\Source\Repos\HEVCandFaceDetect\hevc\build\vc10\Win32\Debug\TAppDecoderAnalyser\TAppDecoderAnalyser_manifest.rc
C:\USERS\XMA1\SOURCE\REPOS\HEVCANDFACEDETECT\HEVC\BUILD\VC10\WIN32\DEBUG\TAPPDECODERANALYSER\TAPPDECTOP.OBJ
C:\USERS\XMA1\SOURCE\REPOS\HEVCANDFACEDETECT\HEVC\BUILD\VC10\WIN32\DEBUG\TAPPDECODERANALYSER\TAPPDECTOP.SBR
C:\Users\Xma1\Source\Repos\HEVCandFaceDetect\hevc\build\vc10\Win32\Debug\TAppDecoderAnalyser\vc100.idb
C:\USERS\XMA1\SOURCE\REPOS\HEVCANDFACEDETECT\HEVC\BUILD\VC10\WIN32\DEBUG\TAPPDECODERANALYSER\VC100.PDB
