C:\Users\Xma1\Source\Repos\HEVCandFaceDetect\hevc\build\\vc10\Win32\Debug\TLibDecoderAnalyser\TLibDecoderAnalyser.bsc
C:\Users\Xma1\Source\Repos\HEVCandFaceDetect\hevc\build\\vc10\Win32\Debug\TLibDecoderAnalyser\TLibDecoderAnalyser.lib
C:\USERS\XMA1\SOURCE\REPOS\HEVCANDFACEDETECT\HEVC\BUILD\VC10\WIN32\DEBUG\TLIBDECODERANALYSER\ANNEXBREAD.OBJ
C:\USERS\XMA1\SOURCE\REPOS\HEVCANDFACEDETECT\HEVC\BUILD\VC10\WIN32\DEBUG\TLIBDECODERANALYSER\ANNEXBREAD.SBR
C:\Users\Xma1\Source\Repos\HEVCandFaceDetect\hevc\build\vc10\Win32\Debug\TLibDecoderAnalyser\BscMake.command.1.tlog
C:\Users\Xma1\Source\Repos\HEVCandFaceDetect\hevc\build\vc10\Win32\Debug\TLibDecoderAnalyser\bscmake.read.1.tlog
C:\Users\Xma1\Source\Repos\HEVCandFaceDetect\hevc\build\vc10\Win32\Debug\TLibDecoderAnalyser\BscMake.write.1.tlog
C:\Users\Xma1\Source\Repos\HEVCandFaceDetect\hevc\build\vc10\Win32\Debug\TLibDecoderAnalyser\cl.command.1.tlog
C:\Users\Xma1\Source\Repos\HEVCandFaceDetect\hevc\build\vc10\Win32\Debug\TLibDecoderAnalyser\CL.read.1.tlog
C:\Users\Xma1\Source\Repos\HEVCandFaceDetect\hevc\build\vc10\Win32\Debug\TLibDecoderAnalyser\CL.write.1.tlog
C:\Users\Xma1\Source\Repos\HEVCandFaceDetect\hevc\build\vc10\Win32\Debug\TLibDecoderAnalyser\lib.command.1.tlog
C:\Users\Xma1\Source\Repos\HEVCandFaceDetect\hevc\build\vc10\Win32\Debug\TLibDecoderAnalyser\Lib-link.read.1.tlog
C:\Users\Xma1\Source\Repos\HEVCandFaceDetect\hevc\build\vc10\Win32\Debug\TLibDecoderAnalyser\Lib-link.write.1.tlog
C:\USERS\XMA1\SOURCE\REPOS\HEVCANDFACEDETECT\HEVC\BUILD\VC10\WIN32\DEBUG\TLIBDECODERANALYSER\NALREAD.OBJ
C:\USERS\XMA1\SOURCE\REPOS\HEVCANDFACEDETECT\HEVC\BUILD\VC10\WIN32\DEBUG\TLIBDECODERANALYSER\NALREAD.SBR
C:\USERS\XMA1\SOURCE\REPOS\HEVCANDFACEDETECT\HEVC\BUILD\VC10\WIN32\DEBUG\TLIBDECODERANALYSER\SEIREAD.OBJ
C:\USERS\XMA1\SOURCE\REPOS\HEVCANDFACEDETECT\HEVC\BUILD\VC10\WIN32\DEBUG\TLIBDECODERANALYSER\SEIREAD.SBR
C:\USERS\XMA1\SOURCE\REPOS\HEVCANDFACEDETECT\HEVC\BUILD\VC10\WIN32\DEBUG\TLIBDECODERANALYSER\SYNTAXELEMENTPARSER.OBJ
C:\USERS\XMA1\SOURCE\REPOS\HEVCANDFACEDETECT\HEVC\BUILD\VC10\WIN32\DEBUG\TLIBDECODERANALYSER\SYNTAXELEMENTPARSER.SBR
C:\USERS\XMA1\SOURCE\REPOS\HEVCANDFACEDETECT\HEVC\BUILD\VC10\WIN32\DEBUG\TLIBDECODERANALYSER\TDECBINCODERCABAC.OBJ
C:\USERS\XMA1\SOURCE\REPOS\HEVCANDFACEDETECT\HEVC\BUILD\VC10\WIN32\DEBUG\TLIBDECODERANALYSER\TDECBINCODERCABAC.SBR
C:\USERS\XMA1\SOURCE\REPOS\HEVCANDFACEDETECT\HEVC\BUILD\VC10\WIN32\DEBUG\TLIBDECODERANALYSER\TDECCAVLC.OBJ
C:\USERS\XMA1\SOURCE\REPOS\HEVCANDFACEDETECT\HEVC\BUILD\VC10\WIN32\DEBUG\TLIBDECODERANALYSER\TDECCAVLC.SBR
C:\USERS\XMA1\SOURCE\REPOS\HEVCANDFACEDETECT\HEVC\BUILD\VC10\WIN32\DEBUG\TLIBDECODERANALYSER\TDECCU.OBJ
C:\USERS\XMA1\SOURCE\REPOS\HEVCANDFACEDETECT\HEVC\BUILD\VC10\WIN32\DEBUG\TLIBDECODERANALYSER\TDECCU.SBR
C:\USERS\XMA1\SOURCE\REPOS\HEVCANDFACEDETECT\HEVC\BUILD\VC10\WIN32\DEBUG\TLIBDECODERANALYSER\TDECENTROPY.OBJ
C:\USERS\XMA1\SOURCE\REPOS\HEVCANDFACEDETECT\HEVC\BUILD\VC10\WIN32\DEBUG\TLIBDECODERANALYSER\TDECENTROPY.SBR
C:\USERS\XMA1\SOURCE\REPOS\HEVCANDFACEDETECT\HEVC\BUILD\VC10\WIN32\DEBUG\TLIBDECODERANALYSER\TDECGOP.OBJ
C:\USERS\XMA1\SOURCE\REPOS\HEVCANDFACEDETECT\HEVC\BUILD\VC10\WIN32\DEBUG\TLIBDECODERANALYSER\TDECGOP.SBR
C:\USERS\XMA1\SOURCE\REPOS\HEVCANDFACEDETECT\HEVC\BUILD\VC10\WIN32\DEBUG\TLIBDECODERANALYSER\TDECSBAC.OBJ
C:\USERS\XMA1\SOURCE\REPOS\HEVCANDFACEDETECT\HEVC\BUILD\VC10\WIN32\DEBUG\TLIBDECODERANALYSER\TDECSBAC.SBR
C:\USERS\XMA1\SOURCE\REPOS\HEVCANDFACEDETECT\HEVC\BUILD\VC10\WIN32\DEBUG\TLIBDECODERANALYSER\TDECSLICE.OBJ
C:\USERS\XMA1\SOURCE\REPOS\HEVCANDFACEDETECT\HEVC\BUILD\VC10\WIN32\DEBUG\TLIBDECODERANALYSER\TDECSLICE.SBR
C:\USERS\XMA1\SOURCE\REPOS\HEVCANDFACEDETECT\HEVC\BUILD\VC10\WIN32\DEBUG\TLIBDECODERANALYSER\TDECTOP.OBJ
C:\USERS\XMA1\SOURCE\REPOS\HEVCANDFACEDETECT\HEVC\BUILD\VC10\WIN32\DEBUG\TLIBDECODERANALYSER\TDECTOP.SBR
C:\USERS\XMA1\SOURCE\REPOS\HEVCANDFACEDETECT\HEVC\BUILD\VC10\WIN32\DEBUG\TLIBDECODERANALYSER\TLIBDECODERANALYSER.BSC
C:\USERS\XMA1\SOURCE\REPOS\HEVCANDFACEDETECT\HEVC\BUILD\VC10\WIN32\DEBUG\TLIBDECODERANALYSER\TLIBDECODERANALYSER.LIB
C:\Users\Xma1\Source\Repos\HEVCandFaceDetect\hevc\build\vc10\Win32\Debug\TLibDecoderAnalyser\vc100.idb
C:\USERS\XMA1\SOURCE\REPOS\HEVCANDFACEDETECT\HEVC\BUILD\VC10\WIN32\DEBUG\TLIBDECODERANALYSER\VC100.PDB
