C:\Users\Xma1\Source\Repos\HEVCandFaceDetect\hevc\build\\vc10\Win32\Debug\TLibCommon\TLibCommon.bsc
C:\Users\Xma1\Source\Repos\HEVCandFaceDetect\hevc\build\\vc10\Win32\Debug\TLibCommon\TLibCommon.lib
C:\Users\Xma1\Source\Repos\HEVCandFaceDetect\hevc\build\vc10\Win32\Debug\TLibCommon\BscMake.command.1.tlog
C:\Users\Xma1\Source\Repos\HEVCandFaceDetect\hevc\build\vc10\Win32\Debug\TLibCommon\bscmake.read.1.tlog
C:\Users\Xma1\Source\Repos\HEVCandFaceDetect\hevc\build\vc10\Win32\Debug\TLibCommon\BscMake.write.1.tlog
C:\Users\Xma1\Source\Repos\HEVCandFaceDetect\hevc\build\vc10\Win32\Debug\TLibCommon\cl.command.1.tlog
C:\Users\Xma1\Source\Repos\HEVCandFaceDetect\hevc\build\vc10\Win32\Debug\TLibCommon\CL.read.1.tlog
C:\Users\Xma1\Source\Repos\HEVCandFaceDetect\hevc\build\vc10\Win32\Debug\TLibCommon\CL.write.1.tlog
C:\USERS\XMA1\SOURCE\REPOS\HEVCANDFACEDETECT\HEVC\BUILD\VC10\WIN32\DEBUG\TLIBCOMMON\CONTEXTMODEL.OBJ
C:\USERS\XMA1\SOURCE\REPOS\HEVCANDFACEDETECT\HEVC\BUILD\VC10\WIN32\DEBUG\TLIBCOMMON\CONTEXTMODEL.SBR
C:\USERS\XMA1\SOURCE\REPOS\HEVCANDFACEDETECT\HEVC\BUILD\VC10\WIN32\DEBUG\TLIBCOMMON\CONTEXTMODEL3DBUFFER.OBJ
C:\USERS\XMA1\SOURCE\REPOS\HEVCANDFACEDETECT\HEVC\BUILD\VC10\WIN32\DEBUG\TLIBCOMMON\CONTEXTMODEL3DBUFFER.SBR
C:\USERS\XMA1\SOURCE\REPOS\HEVCANDFACEDETECT\HEVC\BUILD\VC10\WIN32\DEBUG\TLIBCOMMON\DEBUG.OBJ
C:\USERS\XMA1\SOURCE\REPOS\HEVCANDFACEDETECT\HEVC\BUILD\VC10\WIN32\DEBUG\TLIBCOMMON\DEBUG.SBR
C:\Users\Xma1\Source\Repos\HEVCandFaceDetect\hevc\build\vc10\Win32\Debug\TLibCommon\lib.command.1.tlog
C:\Users\Xma1\Source\Repos\HEVCandFaceDetect\hevc\build\vc10\Win32\Debug\TLibCommon\Lib-link.read.1.tlog
C:\Users\Xma1\Source\Repos\HEVCandFaceDetect\hevc\build\vc10\Win32\Debug\TLibCommon\Lib-link.write.1.tlog
C:\USERS\XMA1\SOURCE\REPOS\HEVCANDFACEDETECT\HEVC\BUILD\VC10\WIN32\DEBUG\TLIBCOMMON\LIBMD5.OBJ
C:\USERS\XMA1\SOURCE\REPOS\HEVCANDFACEDETECT\HEVC\BUILD\VC10\WIN32\DEBUG\TLIBCOMMON\LIBMD5.SBR
C:\USERS\XMA1\SOURCE\REPOS\HEVCANDFACEDETECT\HEVC\BUILD\VC10\WIN32\DEBUG\TLIBCOMMON\SEI.OBJ
C:\USERS\XMA1\SOURCE\REPOS\HEVCANDFACEDETECT\HEVC\BUILD\VC10\WIN32\DEBUG\TLIBCOMMON\SEI.SBR
C:\USERS\XMA1\SOURCE\REPOS\HEVCANDFACEDETECT\HEVC\BUILD\VC10\WIN32\DEBUG\TLIBCOMMON\TCOMBITSTREAM.OBJ
C:\USERS\XMA1\SOURCE\REPOS\HEVCANDFACEDETECT\HEVC\BUILD\VC10\WIN32\DEBUG\TLIBCOMMON\TCOMBITSTREAM.SBR
C:\USERS\XMA1\SOURCE\REPOS\HEVCANDFACEDETECT\HEVC\BUILD\VC10\WIN32\DEBUG\TLIBCOMMON\TCOMCABACTABLES.OBJ
C:\USERS\XMA1\SOURCE\REPOS\HEVCANDFACEDETECT\HEVC\BUILD\VC10\WIN32\DEBUG\TLIBCOMMON\TCOMCABACTABLES.SBR
C:\USERS\XMA1\SOURCE\REPOS\HEVCANDFACEDETECT\HEVC\BUILD\VC10\WIN32\DEBUG\TLIBCOMMON\TCOMCHROMAFORMAT.OBJ
C:\USERS\XMA1\SOURCE\REPOS\HEVCANDFACEDETECT\HEVC\BUILD\VC10\WIN32\DEBUG\TLIBCOMMON\TCOMCHROMAFORMAT.SBR
C:\USERS\XMA1\SOURCE\REPOS\HEVCANDFACEDETECT\HEVC\BUILD\VC10\WIN32\DEBUG\TLIBCOMMON\TCOMDATACU.OBJ
C:\USERS\XMA1\SOURCE\REPOS\HEVCANDFACEDETECT\HEVC\BUILD\VC10\WIN32\DEBUG\TLIBCOMMON\TCOMDATACU.SBR
C:\USERS\XMA1\SOURCE\REPOS\HEVCANDFACEDETECT\HEVC\BUILD\VC10\WIN32\DEBUG\TLIBCOMMON\TCOMINTERPOLATIONFILTER.OBJ
C:\USERS\XMA1\SOURCE\REPOS\HEVCANDFACEDETECT\HEVC\BUILD\VC10\WIN32\DEBUG\TLIBCOMMON\TCOMINTERPOLATIONFILTER.SBR
C:\USERS\XMA1\SOURCE\REPOS\HEVCANDFACEDETECT\HEVC\BUILD\VC10\WIN32\DEBUG\TLIBCOMMON\TCOMLOOPFILTER.OBJ
C:\USERS\XMA1\SOURCE\REPOS\HEVCANDFACEDETECT\HEVC\BUILD\VC10\WIN32\DEBUG\TLIBCOMMON\TCOMLOOPFILTER.SBR
C:\USERS\XMA1\SOURCE\REPOS\HEVCANDFACEDETECT\HEVC\BUILD\VC10\WIN32\DEBUG\TLIBCOMMON\TCOMMOTIONINFO.OBJ
C:\USERS\XMA1\SOURCE\REPOS\HEVCANDFACEDETECT\HEVC\BUILD\VC10\WIN32\DEBUG\TLIBCOMMON\TCOMMOTIONINFO.SBR
C:\USERS\XMA1\SOURCE\REPOS\HEVCANDFACEDETECT\HEVC\BUILD\VC10\WIN32\DEBUG\TLIBCOMMON\TCOMPATTERN.OBJ
C:\USERS\XMA1\SOURCE\REPOS\HEVCANDFACEDETECT\HEVC\BUILD\VC10\WIN32\DEBUG\TLIBCOMMON\TCOMPATTERN.SBR
C:\USERS\XMA1\SOURCE\REPOS\HEVCANDFACEDETECT\HEVC\BUILD\VC10\WIN32\DEBUG\TLIBCOMMON\TCOMPIC.OBJ
C:\USERS\XMA1\SOURCE\REPOS\HEVCANDFACEDETECT\HEVC\BUILD\VC10\WIN32\DEBUG\TLIBCOMMON\TCOMPIC.SBR
C:\USERS\XMA1\SOURCE\REPOS\HEVCANDFACEDETECT\HEVC\BUILD\VC10\WIN32\DEBUG\TLIBCOMMON\TCOMPICSYM.OBJ
C:\USERS\XMA1\SOURCE\REPOS\HEVCANDFACEDETECT\HEVC\BUILD\VC10\WIN32\DEBUG\TLIBCOMMON\TCOMPICSYM.SBR
C:\USERS\XMA1\SOURCE\REPOS\HEVCANDFACEDETECT\HEVC\BUILD\VC10\WIN32\DEBUG\TLIBCOMMON\TCOMPICYUV.OBJ
C:\USERS\XMA1\SOURCE\REPOS\HEVCANDFACEDETECT\HEVC\BUILD\VC10\WIN32\DEBUG\TLIBCOMMON\TCOMPICYUV.SBR
C:\USERS\XMA1\SOURCE\REPOS\HEVCANDFACEDETECT\HEVC\BUILD\VC10\WIN32\DEBUG\TLIBCOMMON\TCOMPICYUVMD5.OBJ
C:\USERS\XMA1\SOURCE\REPOS\HEVCANDFACEDETECT\HEVC\BUILD\VC10\WIN32\DEBUG\TLIBCOMMON\TCOMPICYUVMD5.SBR
C:\USERS\XMA1\SOURCE\REPOS\HEVCANDFACEDETECT\HEVC\BUILD\VC10\WIN32\DEBUG\TLIBCOMMON\TCOMPREDICTION.OBJ
C:\USERS\XMA1\SOURCE\REPOS\HEVCANDFACEDETECT\HEVC\BUILD\VC10\WIN32\DEBUG\TLIBCOMMON\TCOMPREDICTION.SBR
C:\USERS\XMA1\SOURCE\REPOS\HEVCANDFACEDETECT\HEVC\BUILD\VC10\WIN32\DEBUG\TLIBCOMMON\TCOMRDCOST.OBJ
C:\USERS\XMA1\SOURCE\REPOS\HEVCANDFACEDETECT\HEVC\BUILD\VC10\WIN32\DEBUG\TLIBCOMMON\TCOMRDCOST.SBR
C:\USERS\XMA1\SOURCE\REPOS\HEVCANDFACEDETECT\HEVC\BUILD\VC10\WIN32\DEBUG\TLIBCOMMON\TCOMRDCOSTWEIGHTPREDICTION.OBJ
C:\USERS\XMA1\SOURCE\REPOS\HEVCANDFACEDETECT\HEVC\BUILD\VC10\WIN32\DEBUG\TLIBCOMMON\TCOMRDCOSTWEIGHTPREDICTION.SBR
C:\USERS\XMA1\SOURCE\REPOS\HEVCANDFACEDETECT\HEVC\BUILD\VC10\WIN32\DEBUG\TLIBCOMMON\TCOMROM.OBJ
C:\USERS\XMA1\SOURCE\REPOS\HEVCANDFACEDETECT\HEVC\BUILD\VC10\WIN32\DEBUG\TLIBCOMMON\TCOMROM.SBR
C:\USERS\XMA1\SOURCE\REPOS\HEVCANDFACEDETECT\HEVC\BUILD\VC10\WIN32\DEBUG\TLIBCOMMON\TCOMSAMPLEADAPTIVEOFFSET.OBJ
C:\USERS\XMA1\SOURCE\REPOS\HEVCANDFACEDETECT\HEVC\BUILD\VC10\WIN32\DEBUG\TLIBCOMMON\TCOMSAMPLEADAPTIVEOFFSET.SBR
C:\USERS\XMA1\SOURCE\REPOS\HEVCANDFACEDETECT\HEVC\BUILD\VC10\WIN32\DEBUG\TLIBCOMMON\TCOMSLICE.OBJ
C:\USERS\XMA1\SOURCE\REPOS\HEVCANDFACEDETECT\HEVC\BUILD\VC10\WIN32\DEBUG\TLIBCOMMON\TCOMSLICE.SBR
C:\USERS\XMA1\SOURCE\REPOS\HEVCANDFACEDETECT\HEVC\BUILD\VC10\WIN32\DEBUG\TLIBCOMMON\TCOMTRQUANT.OBJ
C:\USERS\XMA1\SOURCE\REPOS\HEVCANDFACEDETECT\HEVC\BUILD\VC10\WIN32\DEBUG\TLIBCOMMON\TCOMTRQUANT.SBR
C:\USERS\XMA1\SOURCE\REPOS\HEVCANDFACEDETECT\HEVC\BUILD\VC10\WIN32\DEBUG\TLIBCOMMON\TCOMTU.OBJ
C:\USERS\XMA1\SOURCE\REPOS\HEVCANDFACEDETECT\HEVC\BUILD\VC10\WIN32\DEBUG\TLIBCOMMON\TCOMTU.SBR
C:\USERS\XMA1\SOURCE\REPOS\HEVCANDFACEDETECT\HEVC\BUILD\VC10\WIN32\DEBUG\TLIBCOMMON\TCOMWEIGHTPREDICTION.OBJ
C:\USERS\XMA1\SOURCE\REPOS\HEVCANDFACEDETECT\HEVC\BUILD\VC10\WIN32\DEBUG\TLIBCOMMON\TCOMWEIGHTPREDICTION.SBR
C:\USERS\XMA1\SOURCE\REPOS\HEVCANDFACEDETECT\HEVC\BUILD\VC10\WIN32\DEBUG\TLIBCOMMON\TCOMYUV.OBJ
C:\USERS\XMA1\SOURCE\REPOS\HEVCANDFACEDETECT\HEVC\BUILD\VC10\WIN32\DEBUG\TLIBCOMMON\TCOMYUV.SBR
C:\USERS\XMA1\SOURCE\REPOS\HEVCANDFACEDETECT\HEVC\BUILD\VC10\WIN32\DEBUG\TLIBCOMMON\TLIBCOMMON.BSC
C:\USERS\XMA1\SOURCE\REPOS\HEVCANDFACEDETECT\HEVC\BUILD\VC10\WIN32\DEBUG\TLIBCOMMON\TLIBCOMMON.LIB
C:\Users\Xma1\Source\Repos\HEVCandFaceDetect\hevc\build\vc10\Win32\Debug\TLibCommon\vc100.idb
C:\USERS\XMA1\SOURCE\REPOS\HEVCANDFACEDETECT\HEVC\BUILD\VC10\WIN32\DEBUG\TLIBCOMMON\VC100.PDB
